0.7315460443496704,1
0.4365004897117615,1
0.5626394748687744,1
0.6078228950500488,1
0.6886967420578003,1
0.43857458233833313,1
0.7975343465805054,1
0.5905022621154785,1
0.6906030178070068,1
0.6561305522918701,1
0.5861710906028748,1
0.49662530422210693,1
0.7609575390815735,1
0.7036609053611755,1
0.571808934211731,1
0.5366706848144531,1
0.45090824365615845,1
0.5772911906242371,1
0.5229426622390747,1
0.6637158989906311,1
0.6529384851455688,1
0.6897978782653809,1
0.5608393549919128,1
0.6033565402030945,1
0.5109680891036987,1
0.44888734817504883,1
0.44535350799560547,1
0.5591270923614502,1
0.428855836391449,1
0.6545628309249878,1
0.5839165449142456,1
0.6681652665138245,1
0.5092242360115051,1
0.45679837465286255,1
0.4857720136642456,1
0.6145398020744324,1
0.5561401844024658,1
0.49059683084487915,1
0.7024820446968079,1
0.48199594020843506,1
0.8325530290603638,1
0.8200228214263916,1
0.7369463443756104,1
0.5729005932807922,1
0.51698899269104,1
0.6023751497268677,1
0.5074899792671204,1
0.410747766494751,1
0.5211061239242554,1
0.5465483069419861,1
0.5805051326751709,1
0.4177654981613159,1
0.6677951216697693,1
0.7594630718231201,1
0.6763503551483154,1
0.6173655390739441,1
0.5108638405799866,1
0.5839006900787354,1
0.4500359892845154,1
0.6257306337356567,1
0.6937140822410583,1
0.481266051530838,1
0.7007695436477661,1
0.4505665600299835,1
0.5235017538070679,1
0.48857060074806213,1
0.6497392654418945,1
0.5651839375495911,1
0.4375523328781128,1
0.6552338600158691,1
0.6808875799179077,1
0.625629723072052,1
0.5819051265716553,1
0.5108048915863037,1
0.43184593319892883,1
0.6241265535354614,1
0.45725470781326294,1
0.5966327786445618,1
0.40764114260673523,1
0.4933134913444519,1
0.5584328174591064,1
0.374433308839798,1
0.5063585638999939,1
0.5068826675415039,1
0.46646320819854736,1
0.4638422131538391,1
0.40024107694625854,1
0.5364890098571777,1
0.5812253355979919,1
0.35320907831192017,1
0.45401474833488464,1
0.5461400747299194,1
0.6791359186172485,1
0.5882003307342529,1
0.40032947063446045,1
0.6283330917358398,1
0.5806071758270264,1
0.7093455791473389,1
0.6034712195396423,1
0.483571857213974,1
0.557524561882019,1
0.5645523071289063,1
0.5806114077568054,1
0.6272320747375488,1
0.49570968747138977,1
0.6772879362106323,1
0.4718220829963684,1
0.6176313757896423,1
0.7917560935020447,1
0.5864706039428711,1
0.5530810356140137,1
0.6375901699066162,1
0.5993843674659729,1
0.5173043608665466,1
0.5870053768157959,1
0.664265513420105,1
0.4593648314476013,1
0.41623300313949585,1
0.6966320276260376,1
0.4130677580833435,1
0.5789664387702942,1
0.6880745887756348,1
0.6100478172302246,1
0.4781327247619629,1
0.5268636345863342,1
0.5411372184753418,1
0.664175271987915,1
0.5366183519363403,1
0.5460546016693115,1
0.8044734001159668,1
0.5357035398483276,1
0.6107720732688904,1
0.6419024467468262,1
0.6266731023788452,1
0.6126106977462769,1
0.5449337959289551,1
0.4100300073623657,1
0.4376041293144226,1
0.7463945150375366,1
0.540535569190979,1
0.5336363315582275,1
0.6897627115249634,1
0.6450732350349426,1
0.6490963697433472,1
0.3969266414642334,1
0.5837386846542358,1
0.7138420343399048,1
0.5715837478637695,1
0.5969153046607971,1
0.49408549070358276,1
0.4568793773651123,1
0.3262508809566498,1
0.5823010206222534,1
0.3904510736465454,1
0.6962363719940186,1
0.49940598011016846,1
0.5500218868255615,1
0.7692455053329468,1
0.5305793285369873,1
0.6394210457801819,1
0.4204367995262146,1
0.6150713562965393,1
0.414995938539505,1
0.5183426141738892,1
0.42270809412002563,1
0.5484477281570435,1
0.4222450256347656,1
0.5008047223091125,1
0.47691917419433594,1
0.5125231742858887,1
0.597763180732727,1
0.8552786111831665,1
0.4613322615623474,1
0.653536319732666,1
0.4628099799156189,1
0.6748399138450623,1
0.5063315629959106,1
0.624710202217102,1
0.5122123956680298,1
0.6841143369674683,1
0.464129239320755,1
0.47056132555007935,1
0.5513765811920166,1
0.6289588809013367,1
0.5696579217910767,1
0.45778995752334595,1
0.3913821876049042,1
0.5313875675201416,1
0.42940735816955566,1
0.45634299516677856,1
0.39422887563705444,1
0.6061747670173645,1
0.6529814004898071,1
0.4876258671283722,1
0.3493312895298004,1
0.3519328534603119,1
0.5667096972465515,1
0.6186731457710266,1
0.6853816509246826,1
0.848762571811676,1
0.3655903935432434,1
0.6617822051048279,1
0.8000306487083435,1
0.6171002984046936,1
0.3872566223144531,1
0.6685389876365662,1
0.399867445230484,1
0.575127124786377,1
0.6009154915809631,1
0.7221167683601379,1
0.5428457260131836,1
0.43883153796195984,1
0.6074893474578857,1
0.6372950673103333,1
0.5919159650802612,1
0.47203701734542847,1
0.5566771030426025,1
0.5924277305603027,1
0.4517807364463806,1
0.4554765820503235,1
0.41110309958457947,1
0.5657830238342285,1
0.5720958709716797,1
0.4786408841609955,1
0.4453364610671997,1
0.5036281943321228,1
0.43669676780700684,1
0.4179832637310028,1
0.5226608514785767,1
0.6132630705833435,1
0.48068737983703613,1
0.48484644293785095,1
0.45187753438949585,1
0.6638292670249939,1
0.5679359436035156,1
0.6715441346168518,1
0.4208245873451233,1
0.5536004304885864,1
0.4920498728752136,1
0.5861971974372864,1
0.48730960488319397,1
0.5578269958496094,1
0.6651708483695984,1
0.5680033564567566,1
0.35094165802001953,1
0.4854276776313782,1
0.6597812175750732,1
