0.32154908776283264,1
0.3297414481639862,1
0.38114622235298157,1
0.2924288511276245,1
0.272383451461792,1
0.32009705901145935,1
0.2874375283718109,1
0.3144279718399048,1
0.2672712206840515,1
0.3968809247016907,1
0.26566216349601746,1
0.3511844873428345,1
0.29819372296333313,1
0.2122350037097931,1
0.22809365391731262,1
0.41381150484085083,1
0.20021942257881165,1
0.24363063275814056,1
0.17259016633033752,1
0.35052669048309326,1
0.48739469051361084,1
0.5068011283874512,1
0.24595972895622253,1
0.48914849758148193,1
0.12155605852603912,1
0.18244007229804993,1
0.4169776141643524,1
0.349352091550827,1
0.344305157661438,1
0.2651931047439575,1
0.3101605772972107,1
0.27655860781669617,1
0.26462823152542114,1
0.18108509480953217,1
0.4347182810306549,1
0.42171117663383484,1
0.34254592657089233,1
0.3855166435241699,1
0.49459385871887207,1
0.2308483123779297,1
0.2068690061569214,1
0.22805696725845337,1
0.4658985435962677,1
0.42048752307891846,1
0.2733389735221863,1
0.2931962311267853,1
0.4689033329486847,1
0.22125203907489777,1
0.41710835695266724,1
0.3980291187763214,1
0.36406511068344116,1
0.2585284113883972,1
0.2883650064468384,1
0.28471964597702026,1
0.3105323314666748,1
0.28315019607543945,1
0.17967015504837036,1
0.35425037145614624,1
0.2693423926830292,1
0.28928160667419434,1
0.24802890419960022,1
0.4182109832763672,1
0.30821162462234497,1
0.2614288628101349,1
0.30098775029182434,1
0.22424912452697754,1
0.39562174677848816,1
0.4151124060153961,1
0.21658432483673096,1
0.3324772119522095,1
0.3267654776573181,1
0.15268124639987946,1
0.3641284704208374,1
0.22877201437950134,1
0.3702418804168701,1
0.22989748418331146,1
0.35456761717796326,1
0.40760526061058044,1
0.30878254771232605,1
0.22107747197151184,1
0.30850258469581604,1
0.3277798593044281,1
0.2057880163192749,1
0.4274083077907562,1
0.22182975709438324,1
0.13637854158878326,1
0.3762359619140625,1
0.2814275324344635,1
0.13626313209533691,1
0.332726389169693,1
0.3756459653377533,1
0.5055680871009827,1
0.30267831683158875,1
0.38881716132164,1
0.28819093108177185,1
0.23096436262130737,1
0.12548404932022095,1
0.361342191696167,1
0.32874855399131775,1
0.26343920826911926,1
0.3236912488937378,1
0.293518602848053,1
0.2850610613822937,1
0.3843150734901428,1
0.3266701102256775,1
0.465920090675354,1
0.25898611545562744,1
0.37492063641548157,1
0.3026781678199768,1
0.3653522729873657,1
0.1803307980298996,1
0.3570522665977478,1
0.37007784843444824,1
0.3055618405342102,1
0.3200744092464447,1
0.23771212995052338,1
0.3320026695728302,1
0.3042898178100586,1
0.3823022246360779,1
0.38161635398864746,1
0.4183964729309082,1
0.3484317660331726,1
0.2825894057750702,1
0.429440975189209,1
0.15331578254699707,1
0.2830660343170166,1
0.3590501844882965,1
0.20686838030815125,1
0.3027808666229248,1
0.4380350112915039,1
0.17166489362716675,1
0.17969563603401184,1
0.1545303463935852,1
0.496822714805603,1
0.4808840751647949,1
0.25814276933670044,1
0.36018598079681396,1
0.37704408168792725,1
0.2428516000509262,1
0.2665967643260956,1
0.16921664774417877,1
0.1079409196972847,1
0.3097032308578491,1
0.2735336422920227,1
0.3133167028427124,1
0.25843751430511475,1
0.16416800022125244,1
0.23876239359378815,1
0.330508291721344,1
0.34683239459991455,1
0.2294023334980011,1
0.2661401331424713,1
0.2180415242910385,1
0.27428656816482544,1
0.34751376509666443,1
0.3381127119064331,1
0.3748759925365448,1
0.37506064772605896,1
0.3640323877334595,1
0.26679298281669617,1
0.12553811073303223,1
0.4588257670402527,1
0.5202468633651733,1
0.5059764385223389,1
0.37496763467788696,1
0.26618537306785583,1
0.3460962474346161,1
0.5497041344642639,1
0.21921032667160034,1
0.27210769057273865,1
0.3554271459579468,1
0.35580211877822876,1
0.2428082525730133,1
0.5006300210952759,1
0.2990271747112274,1
0.3235512971878052,1
0.24534960091114044,1
0.24353483319282532,1
0.21599939465522766,1
0.2420884221792221,1
0.3778204917907715,1
0.3164452910423279,1
0.2975649833679199,1
0.2740171551704407,1
0.33664625883102417,1
0.37166693806648254,1
0.38373708724975586,1
0.20823311805725098,1
0.19855910539627075,1
0.24778586626052856,1
0.2364232838153839,1
0.2859492897987366,1
0.3492957651615143,1
0.2761269211769104,1
0.2987864017486572,1
0.43289175629615784,1
0.1982075721025467,1
0.37103426456451416,1
0.16264590620994568,1
0.3473983407020569,1
0.22314117848873138,1
0.34146827459335327,1
0.29188552498817444,1
0.4700286090373993,1
0.18264542520046234,1
0.276710569858551,1
0.3151802718639374,1
0.32021644711494446,1
0.3996639549732208,1
0.2637028694152832,1
0.5280758142471313,1
0.5164792537689209,1
