0.3075539469718933,1
0.33118802309036255,1
0.3388203978538513,1
0.3572275638580322,1
0.3674294352531433,1
0.45560017228126526,1
0.4224849343299866,1
0.40542125701904297,1
0.25780317187309265,1
0.27607461810112,1
0.2409381866455078,1
0.2746904492378235,1
0.3141157031059265,1
0.3533366620540619,1
0.3937140107154846,1
0.35520845651626587,1
0.2754915654659271,1
0.3866509199142456,1
0.3145773410797119,1
0.3444463014602661,1
0.2824498414993286,1
0.18659213185310364,1
0.2895057499408722,1
0.21310949325561523,1
0.17956013977527618,1
0.3269621729850769,1
0.5424227714538574,1
0.4698467254638672,1
0.3197328448295593,1
0.4028546214103699,1
0.31977778673171997,1
0.1922171264886856,1
0.36404258012771606,1
0.2819083034992218,1
0.3291429579257965,1
0.2218014895915985,1
0.40333184599876404,1
0.3560304045677185,1
0.2556798458099365,1
0.47444093227386475,1
0.3943571448326111,1
0.1929740607738495,1
0.3646392524242401,1
0.16313599050045013,1
0.42702537775039673,1
0.35504603385925293,1
0.35542038083076477,1
0.49276500940322876,1
0.2595251798629761,1
0.5396562814712524,1
0.2876971662044525,1
0.36072954535484314,1
0.3121281862258911,1
0.4265996217727661,1
0.39005082845687866,1
0.43088477849960327,1
0.28634071350097656,1
0.4640878438949585,1
0.20657479763031006,1
0.3118991553783417,1
0.34744495153427124,1
0.21970808506011963,1
0.27124565839767456,1
0.3076978325843811,1
0.31417959928512573,1
0.26951315999031067,1
0.14138683676719666,1
0.3156965374946594,1
0.4436202049255371,1
0.2656169831752777,1
0.24178364872932434,1
0.5290722846984863,1
0.2373686134815216,1
0.4962233901023865,1
0.2117147594690323,1
0.36232930421829224,1
0.2754475474357605,1
0.30190369486808777,1
0.29965054988861084,1
0.31223806738853455,1
0.3484853208065033,1
0.42452067136764526,1
0.33408123254776,1
0.2955355942249298,1
0.22611048817634583,1
0.34545010328292847,1
0.3736318349838257,1
0.3173098564147949,1
0.34935852885246277,1
0.3651006817817688,1
0.3589092493057251,1
0.3576514720916748,1
0.22693699598312378,1
0.32829391956329346,1
0.4320465326309204,1
0.3712927997112274,1
0.4076794385910034,1
0.36385104060173035,1
0.3384397327899933,1
0.4241923987865448,1
0.16909228265285492,1
0.3446764647960663,1
0.22717274725437164,1
0.3643156886100769,1
0.30775368213653564,1
0.2295716106891632,1
0.18212738633155823,1
0.3366127014160156,1
0.3132380545139313,1
0.5115674138069153,1
0.4892411530017853,1
0.26068371534347534,1
0.22710934281349182,1
0.36017265915870667,1
0.35551005601882935,1
0.327725887298584,1
0.33051300048828125,1
0.33997875452041626,1
0.3908364772796631,1
0.2782551944255829,1
0.4627099633216858,1
0.5124621987342834,1
0.4629710018634796,1
0.4157159626483917,1
0.3733149766921997,1
0.31756603717803955,1
0.2529172897338867,1
0.24211183190345764,1
0.40876784920692444,1
0.4243772029876709,1
0.5240992307662964,1
0.4034360349178314,1
0.34903061389923096,1
0.4249219596385956,1
0.3068159520626068,1
0.30198609828948975,1
0.3134993016719818,1
0.3395697772502899,1
0.2761995196342468,1
0.35476577281951904,1
0.31218722462654114,1
0.21344944834709167,1
0.28643515706062317,1
0.46718859672546387,1
0.37670469284057617,1
0.3704351782798767,1
0.3233814537525177,1
0.36564192175865173,1
0.2826608121395111,1
0.28109824657440186,1
0.319632887840271,1
0.20821568369865417,1
0.29944896697998047,1
0.2573191225528717,1
0.25888025760650635,1
0.3881908357143402,1
0.28923675417900085,1
0.256353497505188,1
0.20002338290214539,1
0.6664599776268005,1
0.6356846690177917,1
0.27832040190696716,1
0.2753184139728546,1
0.47454285621643066,1
0.20606011152267456,1
0.2641647160053253,1
0.4085184633731842,1
0.24516162276268005,1
0.3182942271232605,1
0.45285871624946594,1
0.4139675796031952,1
0.3588341474533081,1
0.403931200504303,1
0.3163566589355469,1
0.2754713296890259,1
0.2813264727592468,1
0.31398484110832214,1
0.44680047035217285,1
