0.3882506489753723,1
0.4836260676383972,1
0.40280789136886597,1
0.33112627267837524,1
0.40941476821899414,1
0.5780872106552124,1
0.49280399084091187,1
0.5575934648513794,1
0.3944122791290283,1
0.40139830112457275,1
0.30179134011268616,1
0.35887256264686584,1
0.29148536920547485,1
0.6156893968582153,1
0.42168116569519043,1
0.46109846234321594,1
0.3470323383808136,1
0.317781925201416,1
0.31639063358306885,1
0.4446234107017517,1
0.48752933740615845,1
0.3660462498664856,1
0.32583802938461304,1
0.3773931860923767,1
0.4452351927757263,1
0.30115389823913574,1
0.5524813532829285,1
0.49022892117500305,1
0.4739897847175598,1
0.5263369679450989,1
0.3222089409828186,1
0.37743523716926575,1
0.37843871116638184,1
0.5465965867042542,1
0.42984461784362793,1
0.39902257919311523,1
0.3189694285392761,1
0.4843396544456482,1
0.4823579788208008,1
0.39576712250709534,1
0.4134349524974823,1
0.35459762811660767,1
0.4210139811038971,1
0.2609577476978302,1
0.3626452088356018,1
0.3908196985721588,1
0.3970637917518616,1
0.2357904314994812,1
0.37131479382514954,1
0.46447840332984924,1
0.28309470415115356,1
0.5085511207580566,1
0.38947728276252747,1
0.44397681951522827,1
0.6851562261581421,1
0.42204493284225464,1
0.6203707456588745,1
0.5311850309371948,1
0.46253445744514465,1
0.3295924663543701,1
0.5988887548446655,1
0.6519961357116699,1
0.43761739134788513,1
0.5559996366500854,1
0.3839319944381714,1
0.4134344756603241,1
0.355790913105011,1
0.5917743444442749,1
0.29671308398246765,1
0.48828452825546265,1
0.4172734022140503,1
0.5407432317733765,1
0.6640530824661255,1
0.3471352756023407,1
0.5274496078491211,1
0.5069742202758789,1
0.6432449221611023,1
0.6121851205825806,1
0.4130420982837677,1
0.5593934059143066,1
0.4138922393321991,1
0.5043261647224426,1
