0.4704568386077881,1
0.3691730499267578,1
0.25743865966796875,1
0.3424075245857239,1
0.4537329077720642,1
0.3539848029613495,1
0.4723854064941406,1
0.6594955921173096,1
0.4971265494823456,1
0.27248913049697876,1
0.3951609134674072,1
0.4521298408508301,1
0.539617657661438,1
0.3642098307609558,1
0.3838047981262207,1
0.4348353147506714,1
0.4138985276222229,1
0.43170756101608276,1
0.5049442052841187,1
0.4752151072025299,1
0.2759881913661957,1
0.34617310762405396,1
0.358850359916687,1
0.41948428750038147,1
0.5603790879249573,1
0.6573679447174072,1
0.29069316387176514,1
0.3343178927898407,1
0.3680134415626526,1
0.42140090465545654,1
0.5173593759536743,1
0.5966165065765381,1
0.4135623276233673,1
0.41602158546447754,1
0.3505564033985138,1
0.39083272218704224,1
0.409265398979187,1
0.39782464504241943,1
0.6062326431274414,1
0.29670655727386475,1
0.3819301426410675,1
0.4638617932796478,1
0.3387497663497925,1
0.39786049723625183,1
0.3208254277706146,1
0.4301239848136902,1
0.4415076673030853,1
0.3784623146057129,1
0.4026000499725342,1
0.41971340775489807,1
0.6317647695541382,1
0.3720664978027344,1
0.5775114893913269,1
0.6115229725837708,1
0.3998992443084717,1
0.6192329525947571,1
0.41409993171691895,1
0.4242885112762451,1
0.3579069972038269,1
