2025-10-11T01:58:54.130352Z  INFO burn_train::learner::train_val: Fitting the model:
 Model {
  conv1: Conv2d {stride: [1, 1], kernel_size: [3, 3], dilation: [1, 1], groups: 1, padding: Valid, params: 80}
  conv2: Conv2d {stride: [1, 1], kernel_size: [3, 3], dilation: [1, 1], groups: 1, padding: Valid, params: 1168}
  pool: AdaptiveAvgPool2d {output_size: [8, 8]}
  dropout: Dropout {prob: 0.5}
  linear1: Linear {d_input: 1024, d_output: 512, bias: true, params: 524800}
  linear2: Linear {d_input: 512, d_output: 10, bias: true, params: 5130}
  activation: Relu
  params: 531178
}    
2025-10-11T01:58:54.141099Z  INFO burn_train::learner::epoch: Executing training step for epoch 1    
2025-10-11T01:58:54.143654Z  INFO burn_train::learner::epoch: Iteration 1    
2025-10-11T01:58:54.508988Z  INFO burn_train::learner::epoch: Iteration 2    
2025-10-11T01:58:54.792669Z  INFO burn_train::learner::epoch: Iteration 3    
2025-10-11T01:58:55.066629Z  INFO burn_train::learner::epoch: Iteration 4    
2025-10-11T01:58:55.339763Z  INFO burn_train::learner::epoch: Iteration 5    
2025-10-11T01:58:55.614527Z  INFO burn_train::learner::epoch: Iteration 6    
2025-10-11T01:58:55.892732Z  INFO burn_train::learner::epoch: Iteration 7    
2025-10-11T01:58:56.174145Z  INFO burn_train::learner::epoch: Iteration 8    
2025-10-11T01:58:56.447458Z  INFO burn_train::learner::epoch: Iteration 9    
2025-10-11T01:58:56.723089Z  INFO burn_train::learner::epoch: Iteration 10    
2025-10-11T01:58:56.997774Z  INFO burn_train::learner::epoch: Iteration 11    
2025-10-11T01:58:57.271391Z  INFO burn_train::learner::epoch: Iteration 12    
2025-10-11T01:58:57.545709Z  INFO burn_train::learner::epoch: Iteration 13    
2025-10-11T01:58:57.824971Z  INFO burn_train::learner::epoch: Iteration 14    
2025-10-11T01:58:58.099259Z  INFO burn_train::learner::epoch: Iteration 15    
2025-10-11T01:58:58.372572Z  INFO burn_train::learner::epoch: Iteration 16    
2025-10-11T01:58:58.646071Z  INFO burn_train::learner::epoch: Iteration 17    
2025-10-11T01:58:58.921771Z  INFO burn_train::learner::epoch: Iteration 18    
2025-10-11T01:58:59.196937Z  INFO burn_train::learner::epoch: Iteration 19    
2025-10-11T01:58:59.470426Z  INFO burn_train::learner::epoch: Iteration 20    
2025-10-11T01:58:59.743813Z  INFO burn_train::learner::epoch: Iteration 21    
2025-10-11T01:59:00.018755Z  INFO burn_train::learner::epoch: Iteration 22    
2025-10-11T01:59:00.293674Z  INFO burn_train::learner::epoch: Iteration 23    
2025-10-11T01:59:00.566944Z  INFO burn_train::learner::epoch: Iteration 24    
2025-10-11T01:59:00.847926Z  INFO burn_train::learner::epoch: Iteration 25    
2025-10-11T01:59:01.124780Z  INFO burn_train::learner::epoch: Iteration 26    
2025-10-11T01:59:01.398624Z  INFO burn_train::learner::epoch: Iteration 27    
2025-10-11T01:59:01.672658Z  INFO burn_train::learner::epoch: Iteration 28    
2025-10-11T01:59:01.949325Z  INFO burn_train::learner::epoch: Iteration 29    
2025-10-11T01:59:02.223595Z  INFO burn_train::learner::epoch: Iteration 30    
2025-10-11T01:59:02.504377Z  INFO burn_train::learner::epoch: Iteration 31    
2025-10-11T01:59:02.787467Z  INFO burn_train::learner::epoch: Iteration 32    
2025-10-11T01:59:03.065659Z  INFO burn_train::learner::epoch: Iteration 33    
2025-10-11T01:59:03.339666Z  INFO burn_train::learner::epoch: Iteration 34    
2025-10-11T01:59:03.614091Z  INFO burn_train::learner::epoch: Iteration 35    
2025-10-11T01:59:03.894414Z  INFO burn_train::learner::epoch: Iteration 36    
2025-10-11T01:59:04.172836Z  INFO burn_train::learner::epoch: Iteration 37    
2025-10-11T01:59:04.446686Z  INFO burn_train::learner::epoch: Iteration 38    
2025-10-11T01:59:04.720240Z  INFO burn_train::learner::epoch: Iteration 39    
2025-10-11T01:59:04.994113Z  INFO burn_train::learner::epoch: Iteration 40    
2025-10-11T01:59:05.267216Z  INFO burn_train::learner::epoch: Iteration 41    
2025-10-11T01:59:05.547930Z  INFO burn_train::learner::epoch: Iteration 42    
2025-10-11T01:59:05.823367Z  INFO burn_train::learner::epoch: Iteration 43    
2025-10-11T01:59:06.103719Z  INFO burn_train::learner::epoch: Iteration 44    
2025-10-11T01:59:06.377997Z  INFO burn_train::learner::epoch: Iteration 45    
2025-10-11T01:59:06.651051Z  INFO burn_train::learner::epoch: Iteration 46    
2025-10-11T01:59:06.935673Z  INFO burn_train::learner::epoch: Iteration 47    
2025-10-11T01:59:07.209382Z  INFO burn_train::learner::epoch: Iteration 48    
2025-10-11T01:59:07.485151Z  INFO burn_train::learner::epoch: Iteration 49    
2025-10-11T01:59:07.759343Z  INFO burn_train::learner::epoch: Iteration 50    
2025-10-11T01:59:08.033253Z  INFO burn_train::learner::epoch: Iteration 51    
2025-10-11T01:59:08.306900Z  INFO burn_train::learner::epoch: Iteration 52    
2025-10-11T01:59:08.588450Z  INFO burn_train::learner::epoch: Iteration 53    
2025-10-11T01:59:08.862446Z  INFO burn_train::learner::epoch: Iteration 54    
2025-10-11T01:59:09.135332Z  INFO burn_train::learner::epoch: Iteration 55    
2025-10-11T01:59:09.408895Z  INFO burn_train::learner::epoch: Iteration 56    
2025-10-11T01:59:09.682233Z  INFO burn_train::learner::epoch: Iteration 57    
2025-10-11T01:59:09.956810Z  INFO burn_train::learner::epoch: Iteration 58    
2025-10-11T01:59:10.231660Z  INFO burn_train::learner::epoch: Iteration 59    
2025-10-11T01:59:10.504601Z  INFO burn_train::learner::epoch: Iteration 60    
2025-10-11T01:59:10.777620Z  INFO burn_train::learner::epoch: Iteration 61    
2025-10-11T01:59:11.060556Z  INFO burn_train::learner::epoch: Iteration 62    
2025-10-11T01:59:11.334146Z  INFO burn_train::learner::epoch: Iteration 63    
2025-10-11T01:59:11.615081Z  INFO burn_train::learner::epoch: Iteration 64    
2025-10-11T01:59:11.889515Z  INFO burn_train::learner::epoch: Iteration 65    
2025-10-11T01:59:12.163293Z  INFO burn_train::learner::epoch: Iteration 66    
2025-10-11T01:59:12.437717Z  INFO burn_train::learner::epoch: Iteration 67    
2025-10-11T01:59:12.712997Z  INFO burn_train::learner::epoch: Iteration 68    
2025-10-11T01:59:12.988003Z  INFO burn_train::learner::epoch: Iteration 69    
2025-10-11T01:59:13.266084Z  INFO burn_train::learner::epoch: Iteration 70    
2025-10-11T01:59:13.540320Z  INFO burn_train::learner::epoch: Iteration 71    
2025-10-11T01:59:13.813872Z  INFO burn_train::learner::epoch: Iteration 72    
2025-10-11T01:59:14.088360Z  INFO burn_train::learner::epoch: Iteration 73    
2025-10-11T01:59:14.362704Z  INFO burn_train::learner::epoch: Iteration 74    
2025-10-11T01:59:14.642725Z  INFO burn_train::learner::epoch: Iteration 75    
2025-10-11T01:59:14.916500Z  INFO burn_train::learner::epoch: Iteration 76    
2025-10-11T01:59:15.191613Z  INFO burn_train::learner::epoch: Iteration 77    
2025-10-11T01:59:15.465905Z  INFO burn_train::learner::epoch: Iteration 78    
2025-10-11T01:59:15.739957Z  INFO burn_train::learner::epoch: Iteration 79    
2025-10-11T01:59:16.020685Z  INFO burn_train::learner::epoch: Iteration 80    
2025-10-11T01:59:16.302830Z  INFO burn_train::learner::epoch: Iteration 81    
2025-10-11T01:59:16.578210Z  INFO burn_train::learner::epoch: Iteration 82    
2025-10-11T01:59:16.851919Z  INFO burn_train::learner::epoch: Iteration 83    
2025-10-11T01:59:17.127244Z  INFO burn_train::learner::epoch: Iteration 84    
2025-10-11T01:59:17.399875Z  INFO burn_train::learner::epoch: Iteration 85    
2025-10-11T01:59:17.679484Z  INFO burn_train::learner::epoch: Iteration 86    
2025-10-11T01:59:17.953180Z  INFO burn_train::learner::epoch: Iteration 87    
2025-10-11T01:59:18.226289Z  INFO burn_train::learner::epoch: Iteration 88    
2025-10-11T01:59:18.499901Z  INFO burn_train::learner::epoch: Iteration 89    
2025-10-11T01:59:18.773705Z  INFO burn_train::learner::epoch: Iteration 90    
2025-10-11T01:59:19.047606Z  INFO burn_train::learner::epoch: Iteration 91    
2025-10-11T01:59:19.328553Z  INFO burn_train::learner::epoch: Iteration 92    
2025-10-11T01:59:19.602260Z  INFO burn_train::learner::epoch: Iteration 93    
2025-10-11T01:59:19.894405Z  INFO burn_train::learner::epoch: Iteration 94    
2025-10-11T01:59:20.172976Z  INFO burn_train::learner::epoch: Iteration 95    
2025-10-11T01:59:20.447822Z  INFO burn_train::learner::epoch: Iteration 96    
2025-10-11T01:59:20.735553Z  INFO burn_train::learner::epoch: Iteration 97    
2025-10-11T01:59:21.015651Z  INFO burn_train::learner::epoch: Iteration 98    
2025-10-11T01:59:21.290418Z  INFO burn_train::learner::epoch: Iteration 99    
2025-10-11T01:59:21.566602Z  INFO burn_train::learner::epoch: Iteration 100    
2025-10-11T01:59:21.841258Z  INFO burn_train::learner::epoch: Iteration 101    
2025-10-11T01:59:22.115464Z  INFO burn_train::learner::epoch: Iteration 102    
2025-10-11T01:59:22.396196Z  INFO burn_train::learner::epoch: Iteration 103    
2025-10-11T01:59:22.670447Z  INFO burn_train::learner::epoch: Iteration 104    
2025-10-11T01:59:22.944769Z  INFO burn_train::learner::epoch: Iteration 105    
2025-10-11T01:59:23.218273Z  INFO burn_train::learner::epoch: Iteration 106    
2025-10-11T01:59:23.493870Z  INFO burn_train::learner::epoch: Iteration 107    
2025-10-11T01:59:23.766919Z  INFO burn_train::learner::epoch: Iteration 108    
2025-10-11T01:59:24.042157Z  INFO burn_train::learner::epoch: Iteration 109    
2025-10-11T01:59:24.319922Z  INFO burn_train::learner::epoch: Iteration 110    
2025-10-11T01:59:24.599372Z  INFO burn_train::learner::epoch: Iteration 111    
2025-10-11T01:59:24.873506Z  INFO burn_train::learner::epoch: Iteration 112    
2025-10-11T01:59:25.147459Z  INFO burn_train::learner::epoch: Iteration 113    
2025-10-11T01:59:25.436947Z  INFO burn_train::learner::epoch: Iteration 114    
2025-10-11T01:59:25.711599Z  INFO burn_train::learner::epoch: Iteration 115    
2025-10-11T01:59:25.992767Z  INFO burn_train::learner::epoch: Iteration 116    
2025-10-11T01:59:26.266407Z  INFO burn_train::learner::epoch: Iteration 117    
2025-10-11T01:59:26.539277Z  INFO burn_train::learner::epoch: Iteration 118    
2025-10-11T01:59:26.812799Z  INFO burn_train::learner::epoch: Iteration 119    
2025-10-11T01:59:27.097257Z  INFO burn_train::learner::epoch: Iteration 120    
2025-10-11T01:59:27.371264Z  INFO burn_train::learner::epoch: Iteration 121    
2025-10-11T01:59:27.645892Z  INFO burn_train::learner::epoch: Iteration 122    
2025-10-11T01:59:27.919323Z  INFO burn_train::learner::epoch: Iteration 123    
2025-10-11T01:59:28.197369Z  INFO burn_train::learner::epoch: Iteration 124    
2025-10-11T01:59:28.476801Z  INFO burn_train::learner::epoch: Iteration 125    
2025-10-11T01:59:28.753191Z  INFO burn_train::learner::epoch: Iteration 126    
2025-10-11T01:59:29.026302Z  INFO burn_train::learner::epoch: Iteration 127    
2025-10-11T01:59:29.301030Z  INFO burn_train::learner::epoch: Iteration 128    
2025-10-11T01:59:29.576375Z  INFO burn_train::learner::epoch: Iteration 129    
2025-10-11T01:59:29.850308Z  INFO burn_train::learner::epoch: Iteration 130    
2025-10-11T01:59:30.130700Z  INFO burn_train::learner::epoch: Iteration 131    
2025-10-11T01:59:30.405375Z  INFO burn_train::learner::epoch: Iteration 132    
2025-10-11T01:59:30.678802Z  INFO burn_train::learner::epoch: Iteration 133    
2025-10-11T01:59:30.962489Z  INFO burn_train::learner::epoch: Iteration 134    
2025-10-11T01:59:31.236571Z  INFO burn_train::learner::epoch: Iteration 135    
2025-10-11T01:59:31.515398Z  INFO burn_train::learner::epoch: Iteration 136    
2025-10-11T01:59:31.789827Z  INFO burn_train::learner::epoch: Iteration 137    
2025-10-11T01:59:32.066236Z  INFO burn_train::learner::epoch: Iteration 138    
2025-10-11T01:59:32.340013Z  INFO burn_train::learner::epoch: Iteration 139    
2025-10-11T01:59:32.613307Z  INFO burn_train::learner::epoch: Iteration 140    
2025-10-11T01:59:32.887509Z  INFO burn_train::learner::epoch: Iteration 141    
2025-10-11T01:59:33.167626Z  INFO burn_train::learner::epoch: Iteration 142    
2025-10-11T01:59:33.441584Z  INFO burn_train::learner::epoch: Iteration 143    
2025-10-11T01:59:33.715323Z  INFO burn_train::learner::epoch: Iteration 144    
2025-10-11T01:59:33.989491Z  INFO burn_train::learner::epoch: Iteration 145    
2025-10-11T01:59:34.268440Z  INFO burn_train::learner::epoch: Iteration 146    
2025-10-11T01:59:34.543300Z  INFO burn_train::learner::epoch: Iteration 147    
2025-10-11T01:59:34.819409Z  INFO burn_train::learner::epoch: Iteration 148    
2025-10-11T01:59:35.092465Z  INFO burn_train::learner::epoch: Iteration 149    
2025-10-11T01:59:35.367705Z  INFO burn_train::learner::epoch: Iteration 150    
2025-10-11T01:59:35.641254Z  INFO burn_train::learner::epoch: Iteration 151    
2025-10-11T01:59:35.920731Z  INFO burn_train::learner::epoch: Iteration 152    
2025-10-11T01:59:36.201328Z  INFO burn_train::learner::epoch: Iteration 153    
2025-10-11T01:59:36.474840Z  INFO burn_train::learner::epoch: Iteration 154    
2025-10-11T01:59:36.748686Z  INFO burn_train::learner::epoch: Iteration 155    
2025-10-11T01:59:37.023613Z  INFO burn_train::learner::epoch: Iteration 156    
2025-10-11T01:59:37.297308Z  INFO burn_train::learner::epoch: Iteration 157    
2025-10-11T01:59:37.570967Z  INFO burn_train::learner::epoch: Iteration 158    
2025-10-11T01:59:37.851093Z  INFO burn_train::learner::epoch: Iteration 159    
2025-10-11T01:59:38.124920Z  INFO burn_train::learner::epoch: Iteration 160    
2025-10-11T01:59:38.399026Z  INFO burn_train::learner::epoch: Iteration 161    
2025-10-11T01:59:38.672829Z  INFO burn_train::learner::epoch: Iteration 162    
2025-10-11T01:59:38.946709Z  INFO burn_train::learner::epoch: Iteration 163    
2025-10-11T01:59:39.226452Z  INFO burn_train::learner::epoch: Iteration 164    
2025-10-11T01:59:39.500528Z  INFO burn_train::learner::epoch: Iteration 165    
2025-10-11T01:59:39.773851Z  INFO burn_train::learner::epoch: Iteration 166    
2025-10-11T01:59:40.049360Z  INFO burn_train::learner::epoch: Iteration 167    
2025-10-11T01:59:40.323609Z  INFO burn_train::learner::epoch: Iteration 168    
2025-10-11T01:59:40.597573Z  INFO burn_train::learner::epoch: Iteration 169    
2025-10-11T01:59:40.877528Z  INFO burn_train::learner::epoch: Iteration 170    
2025-10-11T01:59:41.152230Z  INFO burn_train::learner::epoch: Iteration 171    
2025-10-11T01:59:41.425368Z  INFO burn_train::learner::epoch: Iteration 172    
2025-10-11T01:59:41.698668Z  INFO burn_train::learner::epoch: Iteration 173    
2025-10-11T01:59:41.974543Z  INFO burn_train::learner::epoch: Iteration 174    
2025-10-11T01:59:42.254340Z  INFO burn_train::learner::epoch: Iteration 175    
2025-10-11T01:59:42.527751Z  INFO burn_train::learner::epoch: Iteration 176    
2025-10-11T01:59:42.802262Z  INFO burn_train::learner::epoch: Iteration 177    
2025-10-11T01:59:43.076882Z  INFO burn_train::learner::epoch: Iteration 178    
2025-10-11T01:59:43.351409Z  INFO burn_train::learner::epoch: Iteration 179    
2025-10-11T01:59:43.625997Z  INFO burn_train::learner::epoch: Iteration 180    
2025-10-11T01:59:43.906400Z  INFO burn_train::learner::epoch: Iteration 181    
2025-10-11T01:59:44.183876Z  INFO burn_train::learner::epoch: Iteration 182    
2025-10-11T01:59:44.458266Z  INFO burn_train::learner::epoch: Iteration 183    
2025-10-11T01:59:44.731513Z  INFO burn_train::learner::epoch: Iteration 184    
2025-10-11T01:59:45.005071Z  INFO burn_train::learner::epoch: Iteration 185    
2025-10-11T01:59:45.282013Z  INFO burn_train::learner::epoch: Iteration 186    
2025-10-11T01:59:45.560707Z  INFO burn_train::learner::epoch: Iteration 187    
2025-10-11T01:59:45.835213Z  INFO burn_train::learner::epoch: Iteration 188    
2025-10-11T01:59:46.115813Z  INFO burn_train::learner::epoch: Iteration 189    
2025-10-11T01:59:46.390439Z  INFO burn_train::learner::epoch: Iteration 190    
2025-10-11T01:59:46.665780Z  INFO burn_train::learner::epoch: Iteration 191    
2025-10-11T01:59:46.948127Z  INFO burn_train::learner::epoch: Iteration 192    
2025-10-11T01:59:47.221213Z  INFO burn_train::learner::epoch: Iteration 193    
2025-10-11T01:59:47.494906Z  INFO burn_train::learner::epoch: Iteration 194    
2025-10-11T01:59:47.768985Z  INFO burn_train::learner::epoch: Iteration 195    
2025-10-11T01:59:48.043458Z  INFO burn_train::learner::epoch: Iteration 196    
2025-10-11T01:59:48.317492Z  INFO burn_train::learner::epoch: Iteration 197    
2025-10-11T01:59:48.598729Z  INFO burn_train::learner::epoch: Iteration 198    
2025-10-11T01:59:48.873785Z  INFO burn_train::learner::epoch: Iteration 199    
2025-10-11T01:59:49.147203Z  INFO burn_train::learner::epoch: Iteration 200    
2025-10-11T01:59:49.421799Z  INFO burn_train::learner::epoch: Iteration 201    
2025-10-11T01:59:49.695483Z  INFO burn_train::learner::epoch: Iteration 202    
2025-10-11T01:59:49.977033Z  INFO burn_train::learner::epoch: Iteration 203    
2025-10-11T01:59:50.251671Z  INFO burn_train::learner::epoch: Iteration 204    
2025-10-11T01:59:50.525714Z  INFO burn_train::learner::epoch: Iteration 205    
2025-10-11T01:59:50.799682Z  INFO burn_train::learner::epoch: Iteration 206    
2025-10-11T01:59:51.079490Z  INFO burn_train::learner::epoch: Iteration 207    
2025-10-11T01:59:51.352178Z  INFO burn_train::learner::epoch: Iteration 208    
2025-10-11T01:59:51.641942Z  INFO burn_train::learner::epoch: Iteration 209    
2025-10-11T01:59:51.929906Z  INFO burn_train::learner::epoch: Iteration 210    
2025-10-11T01:59:52.204139Z  INFO burn_train::learner::epoch: Iteration 211    
2025-10-11T01:59:52.498096Z  INFO burn_train::learner::epoch: Iteration 212    
2025-10-11T01:59:52.771756Z  INFO burn_train::learner::epoch: Iteration 213    
2025-10-11T01:59:53.051584Z  INFO burn_train::learner::epoch: Iteration 214    
2025-10-11T01:59:53.326168Z  INFO burn_train::learner::epoch: Iteration 215    
2025-10-11T01:59:53.604843Z  INFO burn_train::learner::epoch: Iteration 216    
2025-10-11T01:59:53.878810Z  INFO burn_train::learner::epoch: Iteration 217    
2025-10-11T01:59:54.154251Z  INFO burn_train::learner::epoch: Iteration 218    
2025-10-11T01:59:54.455937Z  INFO burn_train::learner::epoch: Iteration 219    
2025-10-11T01:59:54.736473Z  INFO burn_train::learner::epoch: Iteration 220    
2025-10-11T01:59:55.010527Z  INFO burn_train::learner::epoch: Iteration 221    
2025-10-11T01:59:55.283900Z  INFO burn_train::learner::epoch: Iteration 222    
2025-10-11T01:59:55.558299Z  INFO burn_train::learner::epoch: Iteration 223    
2025-10-11T01:59:55.832284Z  INFO burn_train::learner::epoch: Iteration 224    
2025-10-11T01:59:56.118184Z  INFO burn_train::learner::epoch: Iteration 225    
2025-10-11T01:59:56.392308Z  INFO burn_train::learner::epoch: Iteration 226    
2025-10-11T01:59:56.665971Z  INFO burn_train::learner::epoch: Iteration 227    
2025-10-11T01:59:56.941038Z  INFO burn_train::learner::epoch: Iteration 228    
2025-10-11T01:59:57.214738Z  INFO burn_train::learner::epoch: Iteration 229    
2025-10-11T01:59:57.488598Z  INFO burn_train::learner::epoch: Iteration 230    
2025-10-11T01:59:57.770015Z  INFO burn_train::learner::epoch: Iteration 231    
2025-10-11T01:59:58.043001Z  INFO burn_train::learner::epoch: Iteration 232    
2025-10-11T01:59:58.318869Z  INFO burn_train::learner::epoch: Iteration 233    
2025-10-11T01:59:58.593150Z  INFO burn_train::learner::epoch: Iteration 234    
2025-10-11T01:59:58.867133Z  INFO burn_train::learner::epoch: Iteration 235    
2025-10-11T01:59:59.141236Z  INFO burn_train::learner::epoch: Iteration 236    
2025-10-11T01:59:59.418462Z  INFO burn_train::learner::epoch: Iteration 237    
2025-10-11T01:59:59.691902Z  INFO burn_train::learner::epoch: Iteration 238    
2025-10-11T01:59:59.965673Z  INFO burn_train::learner::epoch: Iteration 239    
2025-10-11T02:00:00.239068Z  INFO burn_train::learner::epoch: Iteration 240    
2025-10-11T02:00:00.513675Z  INFO burn_train::learner::epoch: Iteration 241    
2025-10-11T02:00:00.793674Z  INFO burn_train::learner::epoch: Iteration 242    
2025-10-11T02:00:01.074593Z  INFO burn_train::learner::epoch: Iteration 243    
2025-10-11T02:00:01.349435Z  INFO burn_train::learner::epoch: Iteration 244    
2025-10-11T02:00:01.623956Z  INFO burn_train::learner::epoch: Iteration 245    
2025-10-11T02:00:01.899343Z  INFO burn_train::learner::epoch: Iteration 246    
2025-10-11T02:00:02.175291Z  INFO burn_train::learner::epoch: Iteration 247    
2025-10-11T02:00:02.458662Z  INFO burn_train::learner::epoch: Iteration 248    
2025-10-11T02:00:02.740930Z  INFO burn_train::learner::epoch: Iteration 249    
2025-10-11T02:00:03.020694Z  INFO burn_train::learner::epoch: Iteration 250    
2025-10-11T02:00:03.295391Z  INFO burn_train::learner::epoch: Iteration 251    
2025-10-11T02:00:03.570526Z  INFO burn_train::learner::epoch: Iteration 252    
2025-10-11T02:00:03.857340Z  INFO burn_train::learner::epoch: Iteration 253    
2025-10-11T02:00:04.132654Z  INFO burn_train::learner::epoch: Iteration 254    
2025-10-11T02:00:04.412700Z  INFO burn_train::learner::epoch: Iteration 255    
2025-10-11T02:00:04.686706Z  INFO burn_train::learner::epoch: Iteration 256    
2025-10-11T02:00:04.959725Z  INFO burn_train::learner::epoch: Iteration 257    
2025-10-11T02:00:05.233541Z  INFO burn_train::learner::epoch: Iteration 258    
2025-10-11T02:00:05.514710Z  INFO burn_train::learner::epoch: Iteration 259    
2025-10-11T02:00:05.790182Z  INFO burn_train::learner::epoch: Iteration 260    
2025-10-11T02:00:06.069426Z  INFO burn_train::learner::epoch: Iteration 261    
2025-10-11T02:00:06.344535Z  INFO burn_train::learner::epoch: Iteration 262    
2025-10-11T02:00:06.619110Z  INFO burn_train::learner::epoch: Iteration 263    
2025-10-11T02:00:06.899352Z  INFO burn_train::learner::epoch: Iteration 264    
2025-10-11T02:00:07.174747Z  INFO burn_train::learner::epoch: Iteration 265    
2025-10-11T02:00:07.449415Z  INFO burn_train::learner::epoch: Iteration 266    
2025-10-11T02:00:07.723605Z  INFO burn_train::learner::epoch: Iteration 267    
2025-10-11T02:00:07.997364Z  INFO burn_train::learner::epoch: Iteration 268    
2025-10-11T02:00:08.271071Z  INFO burn_train::learner::epoch: Iteration 269    
2025-10-11T02:00:08.550824Z  INFO burn_train::learner::epoch: Iteration 270    
2025-10-11T02:00:08.825580Z  INFO burn_train::learner::epoch: Iteration 271    
2025-10-11T02:00:09.099882Z  INFO burn_train::learner::epoch: Iteration 272    
2025-10-11T02:00:09.374458Z  INFO burn_train::learner::epoch: Iteration 273    
2025-10-11T02:00:09.647922Z  INFO burn_train::learner::epoch: Iteration 274    
2025-10-11T02:00:09.922577Z  INFO burn_train::learner::epoch: Iteration 275    
2025-10-11T02:00:10.196568Z  INFO burn_train::learner::epoch: Iteration 276    
2025-10-11T02:00:10.470782Z  INFO burn_train::learner::epoch: Iteration 277    
2025-10-11T02:00:10.745902Z  INFO burn_train::learner::epoch: Iteration 278    
2025-10-11T02:00:11.027289Z  INFO burn_train::learner::epoch: Iteration 279    
2025-10-11T02:00:11.301831Z  INFO burn_train::learner::epoch: Iteration 280    
2025-10-11T02:00:11.581722Z  INFO burn_train::learner::epoch: Iteration 281    
2025-10-11T02:00:11.856867Z  INFO burn_train::learner::epoch: Iteration 282    
2025-10-11T02:00:12.133704Z  INFO burn_train::learner::epoch: Iteration 283    
2025-10-11T02:00:12.408544Z  INFO burn_train::learner::epoch: Iteration 284    
2025-10-11T02:00:12.683955Z  INFO burn_train::learner::epoch: Iteration 285    
2025-10-11T02:00:12.959047Z  INFO burn_train::learner::epoch: Iteration 286    
2025-10-11T02:00:13.237510Z  INFO burn_train::learner::epoch: Iteration 287    
2025-10-11T02:00:13.510934Z  INFO burn_train::learner::epoch: Iteration 288    
2025-10-11T02:00:13.783768Z  INFO burn_train::learner::epoch: Iteration 289    
2025-10-11T02:00:14.057481Z  INFO burn_train::learner::epoch: Iteration 290    
2025-10-11T02:00:14.335672Z  INFO burn_train::learner::epoch: Iteration 291    
2025-10-11T02:00:14.618252Z  INFO burn_train::learner::epoch: Iteration 292    
2025-10-11T02:00:14.892473Z  INFO burn_train::learner::epoch: Iteration 293    
2025-10-11T02:00:15.165917Z  INFO burn_train::learner::epoch: Iteration 294    
2025-10-11T02:00:15.439706Z  INFO burn_train::learner::epoch: Iteration 295    
2025-10-11T02:00:15.714201Z  INFO burn_train::learner::epoch: Iteration 296    
2025-10-11T02:00:15.993795Z  INFO burn_train::learner::epoch: Iteration 297    
2025-10-11T02:00:16.273570Z  INFO burn_train::learner::epoch: Iteration 298    
2025-10-11T02:00:16.549711Z  INFO burn_train::learner::epoch: Iteration 299    
2025-10-11T02:00:16.823198Z  INFO burn_train::learner::epoch: Iteration 300    
2025-10-11T02:00:17.099120Z  INFO burn_train::learner::epoch: Iteration 301    
2025-10-11T02:00:17.372692Z  INFO burn_train::learner::epoch: Iteration 302    
2025-10-11T02:00:17.652425Z  INFO burn_train::learner::epoch: Iteration 303    
2025-10-11T02:00:17.926203Z  INFO burn_train::learner::epoch: Iteration 304    
2025-10-11T02:00:18.200260Z  INFO burn_train::learner::epoch: Iteration 305    
2025-10-11T02:00:18.474309Z  INFO burn_train::learner::epoch: Iteration 306    
2025-10-11T02:00:18.747515Z  INFO burn_train::learner::epoch: Iteration 307    
2025-10-11T02:00:19.021724Z  INFO burn_train::learner::epoch: Iteration 308    
2025-10-11T02:00:19.301683Z  INFO burn_train::learner::epoch: Iteration 309    
2025-10-11T02:00:19.576665Z  INFO burn_train::learner::epoch: Iteration 310    
2025-10-11T02:00:19.850293Z  INFO burn_train::learner::epoch: Iteration 311    
2025-10-11T02:00:20.124324Z  INFO burn_train::learner::epoch: Iteration 312    
2025-10-11T02:00:20.399003Z  INFO burn_train::learner::epoch: Iteration 313    
2025-10-11T02:00:20.671961Z  INFO burn_train::learner::epoch: Iteration 314    
2025-10-11T02:00:20.953230Z  INFO burn_train::learner::epoch: Iteration 315    
2025-10-11T02:00:21.227413Z  INFO burn_train::learner::epoch: Iteration 316    
2025-10-11T02:00:21.501125Z  INFO burn_train::learner::epoch: Iteration 317    
2025-10-11T02:00:21.775647Z  INFO burn_train::learner::epoch: Iteration 318    
2025-10-11T02:00:22.051787Z  INFO burn_train::learner::epoch: Iteration 319    
2025-10-11T02:00:22.333677Z  INFO burn_train::learner::epoch: Iteration 320    
2025-10-11T02:00:22.608199Z  INFO burn_train::learner::epoch: Iteration 321    
2025-10-11T02:00:22.882280Z  INFO burn_train::learner::epoch: Iteration 322    
2025-10-11T02:00:23.156893Z  INFO burn_train::learner::epoch: Iteration 323    
2025-10-11T02:00:23.429701Z  INFO burn_train::learner::epoch: Iteration 324    
2025-10-11T02:00:23.728258Z  INFO burn_train::learner::epoch: Iteration 325    
2025-10-11T02:00:24.012471Z  INFO burn_train::learner::epoch: Iteration 326    
2025-10-11T02:00:24.292274Z  INFO burn_train::learner::epoch: Iteration 327    
2025-10-11T02:00:24.575545Z  INFO burn_train::learner::epoch: Iteration 328    
2025-10-11T02:00:24.849649Z  INFO burn_train::learner::epoch: Iteration 329    
2025-10-11T02:00:25.122453Z  INFO burn_train::learner::epoch: Iteration 330    
2025-10-11T02:00:25.406968Z  INFO burn_train::learner::epoch: Iteration 331    
2025-10-11T02:00:25.690379Z  INFO burn_train::learner::epoch: Iteration 332    
2025-10-11T02:00:25.971194Z  INFO burn_train::learner::epoch: Iteration 333    
2025-10-11T02:00:26.245901Z  INFO burn_train::learner::epoch: Iteration 334    
2025-10-11T02:00:26.519260Z  INFO burn_train::learner::epoch: Iteration 335    
2025-10-11T02:00:26.793876Z  INFO burn_train::learner::epoch: Iteration 336    
2025-10-11T02:00:27.074075Z  INFO burn_train::learner::epoch: Iteration 337    
2025-10-11T02:00:27.347086Z  INFO burn_train::learner::epoch: Iteration 338    
2025-10-11T02:00:27.620432Z  INFO burn_train::learner::epoch: Iteration 339    
2025-10-11T02:00:27.894915Z  INFO burn_train::learner::epoch: Iteration 340    
2025-10-11T02:00:28.169350Z  INFO burn_train::learner::epoch: Iteration 341    
2025-10-11T02:00:28.456622Z  INFO burn_train::learner::epoch: Iteration 342    
2025-10-11T02:00:28.730532Z  INFO burn_train::learner::epoch: Iteration 343    
2025-10-11T02:00:29.004793Z  INFO burn_train::learner::epoch: Iteration 344    
2025-10-11T02:00:29.279194Z  INFO burn_train::learner::epoch: Iteration 345    
2025-10-11T02:00:29.553519Z  INFO burn_train::learner::epoch: Iteration 346    
2025-10-11T02:00:29.828254Z  INFO burn_train::learner::epoch: Iteration 347    
2025-10-11T02:00:30.108790Z  INFO burn_train::learner::epoch: Iteration 348    
2025-10-11T02:00:30.384270Z  INFO burn_train::learner::epoch: Iteration 349    
2025-10-11T02:00:30.657508Z  INFO burn_train::learner::epoch: Iteration 350    
2025-10-11T02:00:30.941078Z  INFO burn_train::learner::epoch: Iteration 351    
2025-10-11T02:00:31.215643Z  INFO burn_train::learner::epoch: Iteration 352    
2025-10-11T02:00:31.495899Z  INFO burn_train::learner::epoch: Iteration 353    
2025-10-11T02:00:31.770073Z  INFO burn_train::learner::epoch: Iteration 354    
2025-10-11T02:00:32.045810Z  INFO burn_train::learner::epoch: Iteration 355    
2025-10-11T02:00:32.319487Z  INFO burn_train::learner::epoch: Iteration 356    
2025-10-11T02:00:32.592447Z  INFO burn_train::learner::epoch: Iteration 357    
2025-10-11T02:00:32.866681Z  INFO burn_train::learner::epoch: Iteration 358    
2025-10-11T02:00:33.148671Z  INFO burn_train::learner::epoch: Iteration 359    
2025-10-11T02:00:33.422221Z  INFO burn_train::learner::epoch: Iteration 360    
2025-10-11T02:00:33.698145Z  INFO burn_train::learner::epoch: Iteration 361    
2025-10-11T02:00:33.972073Z  INFO burn_train::learner::epoch: Iteration 362    
2025-10-11T02:00:34.245555Z  INFO burn_train::learner::epoch: Iteration 363    
2025-10-11T02:00:34.529685Z  INFO burn_train::learner::epoch: Iteration 364    
2025-10-11T02:00:34.804801Z  INFO burn_train::learner::epoch: Iteration 365    
2025-10-11T02:00:35.078227Z  INFO burn_train::learner::epoch: Iteration 366    
2025-10-11T02:00:35.352171Z  INFO burn_train::learner::epoch: Iteration 367    
2025-10-11T02:00:35.625458Z  INFO burn_train::learner::epoch: Iteration 368    
2025-10-11T02:00:35.903152Z  INFO burn_train::learner::epoch: Iteration 369    
2025-10-11T02:00:36.183268Z  INFO burn_train::learner::epoch: Iteration 370    
2025-10-11T02:00:36.457233Z  INFO burn_train::learner::epoch: Iteration 371    
2025-10-11T02:00:36.731544Z  INFO burn_train::learner::epoch: Iteration 372    
2025-10-11T02:00:37.007366Z  INFO burn_train::learner::epoch: Iteration 373    
2025-10-11T02:00:37.281542Z  INFO burn_train::learner::epoch: Iteration 374    
2025-10-11T02:00:37.556885Z  INFO burn_train::learner::epoch: Iteration 375    
2025-10-11T02:00:37.832167Z  INFO burn_train::learner::epoch: Iteration 376    
2025-10-11T02:00:38.106024Z  INFO burn_train::learner::epoch: Iteration 377    
2025-10-11T02:00:38.380466Z  INFO burn_train::learner::epoch: Iteration 378    
2025-10-11T02:00:38.655198Z  INFO burn_train::learner::epoch: Iteration 379    
2025-10-11T02:00:38.930466Z  INFO burn_train::learner::epoch: Iteration 380    
2025-10-11T02:00:39.210253Z  INFO burn_train::learner::epoch: Iteration 381    
2025-10-11T02:00:39.484556Z  INFO burn_train::learner::epoch: Iteration 382    
2025-10-11T02:00:39.758889Z  INFO burn_train::learner::epoch: Iteration 383    
2025-10-11T02:00:40.033266Z  INFO burn_train::learner::epoch: Iteration 384    
2025-10-11T02:00:40.306829Z  INFO burn_train::learner::epoch: Iteration 385    
2025-10-11T02:00:40.581265Z  INFO burn_train::learner::epoch: Iteration 386    
2025-10-11T02:00:40.861282Z  INFO burn_train::learner::epoch: Iteration 387    
2025-10-11T02:00:41.138225Z  INFO burn_train::learner::epoch: Iteration 388    
2025-10-11T02:00:41.411856Z  INFO burn_train::learner::epoch: Iteration 389    
2025-10-11T02:00:41.686723Z  INFO burn_train::learner::epoch: Iteration 390    
2025-10-11T02:00:41.963794Z  INFO burn_train::learner::epoch: Iteration 391    
2025-10-11T02:00:42.244496Z  INFO burn_train::learner::epoch: Iteration 392    
2025-10-11T02:00:42.520137Z  INFO burn_train::learner::epoch: Iteration 393    
2025-10-11T02:00:42.794818Z  INFO burn_train::learner::epoch: Iteration 394    
2025-10-11T02:00:43.068231Z  INFO burn_train::learner::epoch: Iteration 395    
2025-10-11T02:00:43.346673Z  INFO burn_train::learner::epoch: Iteration 396    
2025-10-11T02:00:43.619748Z  INFO burn_train::learner::epoch: Iteration 397    
2025-10-11T02:00:43.901399Z  INFO burn_train::learner::epoch: Iteration 398    
2025-10-11T02:00:44.175478Z  INFO burn_train::learner::epoch: Iteration 399    
2025-10-11T02:00:44.453862Z  INFO burn_train::learner::epoch: Iteration 400    
2025-10-11T02:00:44.729143Z  INFO burn_train::learner::epoch: Iteration 401    
2025-10-11T02:00:45.003762Z  INFO burn_train::learner::epoch: Iteration 402    
2025-10-11T02:00:45.283280Z  INFO burn_train::learner::epoch: Iteration 403    
2025-10-11T02:00:45.558048Z  INFO burn_train::learner::epoch: Iteration 404    
2025-10-11T02:00:45.832266Z  INFO burn_train::learner::epoch: Iteration 405    
2025-10-11T02:00:46.112275Z  INFO burn_train::learner::epoch: Iteration 406    
2025-10-11T02:00:46.386701Z  INFO burn_train::learner::epoch: Iteration 407    
2025-10-11T02:00:46.661456Z  INFO burn_train::learner::epoch: Iteration 408    
2025-10-11T02:00:46.943834Z  INFO burn_train::learner::epoch: Iteration 409    
2025-10-11T02:00:47.218643Z  INFO burn_train::learner::epoch: Iteration 410    
2025-10-11T02:00:47.492324Z  INFO burn_train::learner::epoch: Iteration 411    
2025-10-11T02:00:47.767239Z  INFO burn_train::learner::epoch: Iteration 412    
2025-10-11T02:00:48.041495Z  INFO burn_train::learner::epoch: Iteration 413    
2025-10-11T02:00:48.314934Z  INFO burn_train::learner::epoch: Iteration 414    
2025-10-11T02:00:48.590438Z  INFO burn_train::learner::epoch: Iteration 415    
2025-10-11T02:00:48.864520Z  INFO burn_train::learner::epoch: Iteration 416    
2025-10-11T02:00:49.138520Z  INFO burn_train::learner::epoch: Iteration 417    
2025-10-11T02:00:49.412413Z  INFO burn_train::learner::epoch: Iteration 418    
2025-10-11T02:00:49.686078Z  INFO burn_train::learner::epoch: Iteration 419    
2025-10-11T02:00:49.966791Z  INFO burn_train::learner::epoch: Iteration 420    
2025-10-11T02:00:50.244374Z  INFO burn_train::learner::epoch: Iteration 421    
2025-10-11T02:00:50.519007Z  INFO burn_train::learner::epoch: Iteration 422    
2025-10-11T02:00:50.792239Z  INFO burn_train::learner::epoch: Iteration 423    
2025-10-11T02:00:51.074165Z  INFO burn_train::learner::epoch: Iteration 424    
2025-10-11T02:00:51.347994Z  INFO burn_train::learner::epoch: Iteration 425    
2025-10-11T02:00:51.628296Z  INFO burn_train::learner::epoch: Iteration 426    
2025-10-11T02:00:51.903313Z  INFO burn_train::learner::epoch: Iteration 427    
2025-10-11T02:00:52.179398Z  INFO burn_train::learner::epoch: Iteration 428    
2025-10-11T02:00:52.454954Z  INFO burn_train::learner::epoch: Iteration 429    
2025-10-11T02:00:52.728324Z  INFO burn_train::learner::epoch: Iteration 430    
2025-10-11T02:00:53.009594Z  INFO burn_train::learner::epoch: Iteration 431    
2025-10-11T02:00:53.283346Z  INFO burn_train::learner::epoch: Iteration 432    
2025-10-11T02:00:53.559023Z  INFO burn_train::learner::epoch: Iteration 433    
2025-10-11T02:00:53.832557Z  INFO burn_train::learner::epoch: Iteration 434    
2025-10-11T02:00:54.106866Z  INFO burn_train::learner::epoch: Iteration 435    
2025-10-11T02:00:54.396980Z  INFO burn_train::learner::epoch: Iteration 436    
2025-10-11T02:00:54.686108Z  INFO burn_train::learner::epoch: Iteration 437    
2025-10-11T02:00:54.960242Z  INFO burn_train::learner::epoch: Iteration 438    
2025-10-11T02:00:55.234014Z  INFO burn_train::learner::epoch: Iteration 439    
