0.2863120436668396,1
0.2602701783180237,1
0.45904767513275146,1
0.33122193813323975,1
0.6044137477874756,1
0.44689860939979553,1
0.3185461163520813,1
0.3510732054710388,1
0.3057987093925476,1
0.31526559591293335,1
0.41367119550704956,1
0.1469177007675171,1
0.34680283069610596,1
0.5618169903755188,1
0.47099751234054565,1
0.44356125593185425,1
0.32515081763267517,1
0.29369547963142395,1
0.2522786557674408,1
0.3083054721355438,1
0.4741104245185852,1
0.2861943244934082,1
0.26861199736595154,1
0.2460109442472458,1
0.26050955057144165,1
0.36889562010765076,1
0.31692585349082947,1
0.49437999725341797,1
0.25065532326698303,1
0.3395097851753235,1
0.47429388761520386,1
0.3681873679161072,1
0.3340042233467102,1
0.3986331522464752,1
0.38577818870544434,1
0.3075284957885742,1
0.6143815517425537,1
0.4354863166809082,1
0.3416934013366699,1
0.4082077741622925,1
0.36373934149742126,1
0.5443700551986694,1
0.46150219440460205,1
0.3182845413684845,1
0.3702130615711212,1
0.31869393587112427,1
0.3471316993236542,1
0.3830069303512573,1
0.3463439643383026,1
0.424913614988327,1
0.41346949338912964,1
0.5019778609275818,1
0.3923327922821045,1
0.823577344417572,1
0.39214855432510376,1
0.3570546507835388,1
0.3097062110900879,1
0.18828840553760529,1
0.3293055295944214,1
0.21697330474853516,1
0.6022876501083374,1
0.2865910530090332,1
0.4507239758968353,1
0.25851747393608093,1
0.4757083058357239,1
0.5072802901268005,1
0.23937562108039856,1
0.49471330642700195,1
0.3349917232990265,1
0.45215824246406555,1
0.32457223534584045,1
